mode: set
github.com/th1enq/ViettelSMS_ServerService/internal/usecase/server/usecase.go:38.11,44.2 1 1
github.com/th1enq/ViettelSMS_ServerService/internal/usecase/server/usecase.go:48.132,51.121 2 1
github.com/th1enq/ViettelSMS_ServerService/internal/usecase/server/usecase.go:51.121,54.3 2 1
github.com/th1enq/ViettelSMS_ServerService/internal/usecase/server/usecase.go:54.8,54.18 1 1
github.com/th1enq/ViettelSMS_ServerService/internal/usecase/server/usecase.go:54.18,57.3 2 1
github.com/th1enq/ViettelSMS_ServerService/internal/usecase/server/usecase.go:59.2,65.41 2 1
github.com/th1enq/ViettelSMS_ServerService/internal/usecase/server/usecase.go:65.41,67.3 1 0
github.com/th1enq/ViettelSMS_ServerService/internal/usecase/server/usecase.go:68.2,68.35 1 1
github.com/th1enq/ViettelSMS_ServerService/internal/usecase/server/usecase.go:68.35,70.3 1 0
github.com/th1enq/ViettelSMS_ServerService/internal/usecase/server/usecase.go:72.2,72.51 1 1
github.com/th1enq/ViettelSMS_ServerService/internal/usecase/server/usecase.go:72.51,75.3 2 1
github.com/th1enq/ViettelSMS_ServerService/internal/usecase/server/usecase.go:76.2,77.42 2 1
github.com/th1enq/ViettelSMS_ServerService/internal/usecase/server/usecase.go:80.82,83.73 2 1
github.com/th1enq/ViettelSMS_ServerService/internal/usecase/server/usecase.go:83.73,84.45 1 1
github.com/th1enq/ViettelSMS_ServerService/internal/usecase/server/usecase.go:84.45,87.4 2 1
github.com/th1enq/ViettelSMS_ServerService/internal/usecase/server/usecase.go:88.3,89.34 2 1
github.com/th1enq/ViettelSMS_ServerService/internal/usecase/server/usecase.go:92.2,92.53 1 1
github.com/th1enq/ViettelSMS_ServerService/internal/usecase/server/usecase.go:92.53,95.3 2 1
github.com/th1enq/ViettelSMS_ServerService/internal/usecase/server/usecase.go:97.2,98.12 2 1
github.com/th1enq/ViettelSMS_ServerService/internal/usecase/server/usecase.go:101.147,105.16 3 1
github.com/th1enq/ViettelSMS_ServerService/internal/usecase/server/usecase.go:105.16,108.3 2 1
github.com/th1enq/ViettelSMS_ServerService/internal/usecase/server/usecase.go:110.2,112.16 3 1
github.com/th1enq/ViettelSMS_ServerService/internal/usecase/server/usecase.go:112.16,115.3 2 0
github.com/th1enq/ViettelSMS_ServerService/internal/usecase/server/usecase.go:117.2,121.40 2 1
github.com/th1enq/ViettelSMS_ServerService/internal/usecase/server/usecase.go:121.40,131.18 2 1
github.com/th1enq/ViettelSMS_ServerService/internal/usecase/server/usecase.go:131.18,134.4 2 0
github.com/th1enq/ViettelSMS_ServerService/internal/usecase/server/usecase.go:137.2,137.45 1 1
github.com/th1enq/ViettelSMS_ServerService/internal/usecase/server/usecase.go:137.45,140.3 2 0
github.com/th1enq/ViettelSMS_ServerService/internal/usecase/server/usecase.go:142.2,145.46 3 1
github.com/th1enq/ViettelSMS_ServerService/internal/usecase/server/usecase.go:145.46,148.3 2 0
github.com/th1enq/ViettelSMS_ServerService/internal/usecase/server/usecase.go:150.2,151.22 2 1
github.com/th1enq/ViettelSMS_ServerService/internal/usecase/server/usecase.go:154.111,158.16 3 1
github.com/th1enq/ViettelSMS_ServerService/internal/usecase/server/usecase.go:158.16,159.44 1 1
github.com/th1enq/ViettelSMS_ServerService/internal/usecase/server/usecase.go:159.44,162.4 2 1
github.com/th1enq/ViettelSMS_ServerService/internal/usecase/server/usecase.go:163.3,163.39 1 0
github.com/th1enq/ViettelSMS_ServerService/internal/usecase/server/usecase.go:166.2,166.59 1 1
github.com/th1enq/ViettelSMS_ServerService/internal/usecase/server/usecase.go:166.59,169.3 2 1
github.com/th1enq/ViettelSMS_ServerService/internal/usecase/server/usecase.go:171.2,180.33 3 1
github.com/th1enq/ViettelSMS_ServerService/internal/usecase/server/usecase.go:180.33,184.17 3 1
github.com/th1enq/ViettelSMS_ServerService/internal/usecase/server/usecase.go:184.17,187.12 3 1
github.com/th1enq/ViettelSMS_ServerService/internal/usecase/server/usecase.go:189.3,189.42 1 1
github.com/th1enq/ViettelSMS_ServerService/internal/usecase/server/usecase.go:192.2,196.51 4 1
github.com/th1enq/ViettelSMS_ServerService/internal/usecase/server/usecase.go:196.51,198.28 2 1
github.com/th1enq/ViettelSMS_ServerService/internal/usecase/server/usecase.go:198.28,200.4 1 1
github.com/th1enq/ViettelSMS_ServerService/internal/usecase/server/usecase.go:202.3,207.28 4 1
github.com/th1enq/ViettelSMS_ServerService/internal/usecase/server/usecase.go:207.28,208.73 1 1
github.com/th1enq/ViettelSMS_ServerService/internal/usecase/server/usecase.go:208.73,211.35 3 1
github.com/th1enq/ViettelSMS_ServerService/internal/usecase/server/usecase.go:211.35,214.6 2 1
github.com/th1enq/ViettelSMS_ServerService/internal/usecase/server/usecase.go:215.5,215.16 1 1
github.com/th1enq/ViettelSMS_ServerService/internal/usecase/server/usecase.go:219.2,222.36 3 1
github.com/th1enq/ViettelSMS_ServerService/internal/usecase/server/usecase.go:222.36,223.34 1 1
github.com/th1enq/ViettelSMS_ServerService/internal/usecase/server/usecase.go:223.34,225.4 1 1
github.com/th1enq/ViettelSMS_ServerService/internal/usecase/server/usecase.go:228.2,229.21 2 1
github.com/th1enq/ViettelSMS_ServerService/internal/usecase/server/usecase.go:232.136,236.16 3 1
github.com/th1enq/ViettelSMS_ServerService/internal/usecase/server/usecase.go:236.16,237.45 1 1
github.com/th1enq/ViettelSMS_ServerService/internal/usecase/server/usecase.go:237.45,240.4 2 1
github.com/th1enq/ViettelSMS_ServerService/internal/usecase/server/usecase.go:241.3,242.39 2 1
github.com/th1enq/ViettelSMS_ServerService/internal/usecase/server/usecase.go:245.2,245.30 1 1
github.com/th1enq/ViettelSMS_ServerService/internal/usecase/server/usecase.go:245.30,247.72 2 1
github.com/th1enq/ViettelSMS_ServerService/internal/usecase/server/usecase.go:247.72,250.4 2 1
github.com/th1enq/ViettelSMS_ServerService/internal/usecase/server/usecase.go:251.3,251.60 1 1
github.com/th1enq/ViettelSMS_ServerService/internal/usecase/server/usecase.go:251.60,254.4 2 1
github.com/th1enq/ViettelSMS_ServerService/internal/usecase/server/usecase.go:255.3,255.41 1 1
github.com/th1enq/ViettelSMS_ServerService/internal/usecase/server/usecase.go:257.2,257.24 1 1
github.com/th1enq/ViettelSMS_ServerService/internal/usecase/server/usecase.go:257.24,259.3 1 1
github.com/th1enq/ViettelSMS_ServerService/internal/usecase/server/usecase.go:260.2,260.28 1 1
github.com/th1enq/ViettelSMS_ServerService/internal/usecase/server/usecase.go:260.28,262.3 1 0
github.com/th1enq/ViettelSMS_ServerService/internal/usecase/server/usecase.go:263.2,263.22 1 1
github.com/th1enq/ViettelSMS_ServerService/internal/usecase/server/usecase.go:263.22,265.3 1 0
github.com/th1enq/ViettelSMS_ServerService/internal/usecase/server/usecase.go:266.2,266.32 1 1
github.com/th1enq/ViettelSMS_ServerService/internal/usecase/server/usecase.go:266.32,268.3 1 0
github.com/th1enq/ViettelSMS_ServerService/internal/usecase/server/usecase.go:270.2,270.51 1 1
github.com/th1enq/ViettelSMS_ServerService/internal/usecase/server/usecase.go:270.51,273.3 2 1
github.com/th1enq/ViettelSMS_ServerService/internal/usecase/server/usecase.go:274.2,275.42 2 1
github.com/th1enq/ViettelSMS_ServerService/internal/usecase/server/usecase.go:278.165,282.16 3 1
github.com/th1enq/ViettelSMS_ServerService/internal/usecase/server/usecase.go:282.16,285.3 2 1
github.com/th1enq/ViettelSMS_ServerService/internal/usecase/server/usecase.go:286.2,287.51 2 1
github.com/th1enq/ViettelSMS_ServerService/internal/usecase/server/usecase.go:290.103,292.114 2 1
github.com/th1enq/ViettelSMS_ServerService/internal/usecase/server/usecase.go:292.114,295.3 2 1
github.com/th1enq/ViettelSMS_ServerService/internal/usecase/server/usecase.go:296.2,296.12 1 1
